{"F:\\GitHub\\timeline_frontend\\_test_\\components\\contextWrap.js": {"path":"F:\\GitHub\\timeline_frontend\\_test_\\components\\contextWrap.js","statementMap":{"0":{"start":{"line":5,"column":15},"end":{"line":11,"column":5}},"1":{"start":{"line":13,"column":20},"end":{"line":16,"column":6}},"2":{"start":{"line":13,"column":27},"end":{"line":16,"column":5}},"3":{"start":{"line":19,"column":4},"end":{"line":19,"column":40}},"4":{"start":{"line":23,"column":4},"end":{"line":23,"column":42}}},"fnMap":{"0":{"name":"(anonymous_0)","decl":{"start":{"line":13,"column":20},"end":{"line":13,"column":21}},"loc":{"start":{"line":13,"column":27},"end":{"line":16,"column":5}},"line":13},"1":{"name":"mountWrap","decl":{"start":{"line":18,"column":16},"end":{"line":18,"column":25}},"loc":{"start":{"line":18,"column":32},"end":{"line":20,"column":1}},"line":18},"2":{"name":"shallowWrap","decl":{"start":{"line":22,"column":16},"end":{"line":22,"column":27}},"loc":{"start":{"line":22,"column":34},"end":{"line":24,"column":1}},"line":22}},"branchMap":{},"s":{"0":1,"1":1,"2":1,"3":0,"4":1},"f":{"0":1,"1":0,"2":1},"b":{},"_coverageSchema":"332fd63041d2c1bcb487cc26dd0d5f7d97098a6c","hash":"a19da7ad6e62f2ee80b4a3a3bd36107302c240e9"}
,"F:\\GitHub\\timeline_frontend\\src\\constants.js": {"path":"F:\\GitHub\\timeline_frontend\\src\\constants.js","statementMap":{"0":{"start":{"line":1,"column":24},"end":{"line":1,"column":47}},"1":{"start":{"line":2,"column":32},"end":{"line":2,"column":39}}},"fnMap":{},"branchMap":{},"s":{"0":5,"1":5},"f":{},"b":{},"_coverageSchema":"332fd63041d2c1bcb487cc26dd0d5f7d97098a6c","hash":"b16ff9032ef88680af907d0cbffd294711991c3b"}
,"F:\\GitHub\\timeline_frontend\\src\\history.js": {"path":"F:\\GitHub\\timeline_frontend\\src\\history.js","statementMap":{},"fnMap":{},"branchMap":{},"s":{},"f":{},"b":{},"_coverageSchema":"332fd63041d2c1bcb487cc26dd0d5f7d97098a6c","hash":"a45dfb842e6ebaa04f07a155c3220977f3e739ed"}
,"F:\\GitHub\\timeline_frontend\\src\\model\\ImageForm.js": {"path":"F:\\GitHub\\timeline_frontend\\src\\model\\ImageForm.js","statementMap":{"0":{"start":{"line":19,"column":8},"end":{"line":19,"column":21}},"1":{"start":{"line":21,"column":8},"end":{"line":23,"column":10}},"2":{"start":{"line":27,"column":8},"end":{"line":29,"column":11}},"3":{"start":{"line":31,"column":8},"end":{"line":31,"column":40}},"4":{"start":{"line":35,"column":8},"end":{"line":72,"column":9}},"5":{"start":{"line":46,"column":32},"end":{"line":46,"column":51}},"6":{"start":{"line":50,"column":32},"end":{"line":62,"column":33}},"7":{"start":{"line":76,"column":24},"end":{"line":78,"column":2}},"8":{"start":{"line":76,"column":46},"end":{"line":78,"column":1}},"9":{"start":{"line":80,"column":27},"end":{"line":84,"column":2}},"10":{"start":{"line":80,"column":52},"end":{"line":84,"column":1}},"11":{"start":{"line":82,"column":8},"end":{"line":82,"column":37}}},"fnMap":{"0":{"name":"(anonymous_0)","decl":{"start":{"line":18,"column":4},"end":{"line":18,"column":5}},"loc":{"start":{"line":18,"column":23},"end":{"line":24,"column":5}},"line":18},"1":{"name":"(anonymous_1)","decl":{"start":{"line":26,"column":4},"end":{"line":26,"column":5}},"loc":{"start":{"line":26,"column":23},"end":{"line":32,"column":5}},"line":26},"2":{"name":"(anonymous_2)","decl":{"start":{"line":34,"column":4},"end":{"line":34,"column":5}},"loc":{"start":{"line":34,"column":13},"end":{"line":73,"column":5}},"line":34},"3":{"name":"(anonymous_3)","decl":{"start":{"line":45,"column":44},"end":{"line":45,"column":45}},"loc":{"start":{"line":45,"column":50},"end":{"line":47,"column":29}},"line":45},"4":{"name":"(anonymous_4)","decl":{"start":{"line":49,"column":29},"end":{"line":49,"column":30}},"loc":{"start":{"line":49,"column":78},"end":{"line":63,"column":29}},"line":49},"5":{"name":"(anonymous_5)","decl":{"start":{"line":76,"column":24},"end":{"line":76,"column":25}},"loc":{"start":{"line":76,"column":46},"end":{"line":78,"column":1}},"line":76},"6":{"name":"(anonymous_6)","decl":{"start":{"line":80,"column":27},"end":{"line":80,"column":28}},"loc":{"start":{"line":80,"column":52},"end":{"line":84,"column":1}},"line":80},"7":{"name":"(anonymous_7)","decl":{"start":{"line":81,"column":16},"end":{"line":81,"column":17}},"loc":{"start":{"line":81,"column":26},"end":{"line":83,"column":5}},"line":81}},"branchMap":{"0":{"loc":{"start":{"line":39,"column":21},"end":{"line":69,"column":34}},"type":"cond-expr","locations":[{"start":{"line":40,"column":24},"end":{"line":64,"column":35}},{"start":{"line":66,"column":24},"end":{"line":69,"column":34}}],"line":39},"1":{"loc":{"start":{"line":57,"column":44},"end":{"line":59,"column":136}},"type":"cond-expr","locations":[{"start":{"line":58,"column":48},"end":{"line":58,"column":73}},{"start":{"line":59,"column":48},"end":{"line":59,"column":136}}],"line":57}},"s":{"0":0,"1":0,"2":0,"3":0,"4":0,"5":0,"6":0,"7":1,"8":0,"9":1,"10":0,"11":0},"f":{"0":0,"1":0,"2":0,"3":0,"4":0,"5":0,"6":0,"7":0},"b":{"0":[0,0],"1":[0,0]},"_coverageSchema":"332fd63041d2c1bcb487cc26dd0d5f7d97098a6c","hash":"1cd484f77b2411967439a873d2885d8345570939"}
,"F:\\GitHub\\timeline_frontend\\src\\redux\\actions\\actionTypes.js": {"path":"F:\\GitHub\\timeline_frontend\\src\\redux\\actions\\actionTypes.js","statementMap":{"0":{"start":{"line":2,"column":27},"end":{"line":2,"column":40}},"1":{"start":{"line":3,"column":28},"end":{"line":3,"column":42}},"2":{"start":{"line":4,"column":30},"end":{"line":4,"column":46}},"3":{"start":{"line":5,"column":28},"end":{"line":5,"column":42}},"4":{"start":{"line":6,"column":31},"end":{"line":6,"column":48}},"5":{"start":{"line":7,"column":30},"end":{"line":7,"column":46}},"6":{"start":{"line":8,"column":36},"end":{"line":8,"column":58}},"7":{"start":{"line":11,"column":29},"end":{"line":11,"column":44}},"8":{"start":{"line":12,"column":26},"end":{"line":12,"column":38}},"9":{"start":{"line":13,"column":32},"end":{"line":13,"column":50}},"10":{"start":{"line":14,"column":26},"end":{"line":14,"column":38}},"11":{"start":{"line":15,"column":31},"end":{"line":15,"column":48}},"12":{"start":{"line":16,"column":31},"end":{"line":16,"column":48}},"13":{"start":{"line":17,"column":23},"end":{"line":17,"column":32}},"14":{"start":{"line":20,"column":32},"end":{"line":20,"column":50}},"15":{"start":{"line":21,"column":29},"end":{"line":21,"column":44}},"16":{"start":{"line":22,"column":35},"end":{"line":22,"column":56}},"17":{"start":{"line":23,"column":29},"end":{"line":23,"column":44}},"18":{"start":{"line":24,"column":31},"end":{"line":24,"column":48}},"19":{"start":{"line":25,"column":31},"end":{"line":25,"column":48}},"20":{"start":{"line":26,"column":31},"end":{"line":26,"column":48}},"21":{"start":{"line":30,"column":29},"end":{"line":30,"column":44}},"22":{"start":{"line":32,"column":28},"end":{"line":32,"column":42}},"23":{"start":{"line":33,"column":30},"end":{"line":33,"column":45}},"24":{"start":{"line":35,"column":31},"end":{"line":35,"column":48}},"25":{"start":{"line":36,"column":22},"end":{"line":36,"column":30}},"26":{"start":{"line":38,"column":29},"end":{"line":38,"column":44}},"27":{"start":{"line":39,"column":20},"end":{"line":39,"column":26}},"28":{"start":{"line":42,"column":31},"end":{"line":42,"column":48}},"29":{"start":{"line":43,"column":28},"end":{"line":43,"column":42}},"30":{"start":{"line":44,"column":34},"end":{"line":44,"column":54}},"31":{"start":{"line":45,"column":37},"end":{"line":45,"column":60}},"32":{"start":{"line":47,"column":23},"end":{"line":47,"column":32}},"33":{"start":{"line":49,"column":27},"end":{"line":49,"column":40}},"34":{"start":{"line":53,"column":22},"end":{"line":53,"column":30}},"35":{"start":{"line":55,"column":22},"end":{"line":55,"column":30}},"36":{"start":{"line":57,"column":20},"end":{"line":57,"column":26}}},"fnMap":{},"branchMap":{},"s":{"0":11,"1":11,"2":11,"3":11,"4":11,"5":11,"6":11,"7":11,"8":11,"9":11,"10":11,"11":11,"12":11,"13":11,"14":11,"15":11,"16":11,"17":11,"18":11,"19":11,"20":11,"21":11,"22":11,"23":11,"24":11,"25":11,"26":11,"27":11,"28":11,"29":11,"30":11,"31":11,"32":11,"33":11,"34":11,"35":11,"36":11},"f":{},"b":{},"_coverageSchema":"332fd63041d2c1bcb487cc26dd0d5f7d97098a6c","hash":"67ff8bdc52d76dd699560e734e68e3fa3f8fee62"}
,"F:\\GitHub\\timeline_frontend\\src\\redux\\actions\\loginActions.js": {"path":"F:\\GitHub\\timeline_frontend\\src\\redux\\actions\\loginActions.js","statementMap":{"0":{"start":{"line":27,"column":4},"end":{"line":57,"column":5}},"1":{"start":{"line":28,"column":22},"end":{"line":28,"column":62}},"2":{"start":{"line":29,"column":8},"end":{"line":56,"column":11}},"3":{"start":{"line":35,"column":23},"end":{"line":35,"column":33}},"4":{"start":{"line":37,"column":12},"end":{"line":37,"column":30}},"5":{"start":{"line":38,"column":12},"end":{"line":52,"column":13}},"6":{"start":{"line":39,"column":16},"end":{"line":39,"column":72}},"7":{"start":{"line":40,"column":16},"end":{"line":40,"column":67}},"8":{"start":{"line":41,"column":26},"end":{"line":41,"column":36}},"9":{"start":{"line":42,"column":16},"end":{"line":42,"column":62}},"10":{"start":{"line":43,"column":28},"end":{"line":43,"column":41}},"11":{"start":{"line":44,"column":27},"end":{"line":44,"column":46}},"12":{"start":{"line":45,"column":16},"end":{"line":45,"column":42}},"13":{"start":{"line":46,"column":16},"end":{"line":46,"column":65}},"14":{"start":{"line":47,"column":16},"end":{"line":47,"column":55}},"15":{"start":{"line":48,"column":16},"end":{"line":48,"column":34}},"16":{"start":{"line":49,"column":16},"end":{"line":49,"column":39}},"17":{"start":{"line":51,"column":16},"end":{"line":51,"column":44}},"18":{"start":{"line":54,"column":12},"end":{"line":54,"column":31}},"19":{"start":{"line":55,"column":12},"end":{"line":55,"column":40}},"20":{"start":{"line":61,"column":4},"end":{"line":64,"column":5}},"21":{"start":{"line":68,"column":4},"end":{"line":71,"column":5}},"22":{"start":{"line":75,"column":4},"end":{"line":77,"column":5}},"23":{"start":{"line":81,"column":4},"end":{"line":83,"column":5}}},"fnMap":{"0":{"name":"login","decl":{"start":{"line":17,"column":16},"end":{"line":17,"column":21}},"loc":{"start":{"line":17,"column":42},"end":{"line":58,"column":1}},"line":17},"1":{"name":"(anonymous_1)","decl":{"start":{"line":27,"column":11},"end":{"line":27,"column":12}},"loc":{"start":{"line":27,"column":31},"end":{"line":57,"column":5}},"line":27},"2":{"name":"(anonymous_2)","decl":{"start":{"line":35,"column":16},"end":{"line":35,"column":17}},"loc":{"start":{"line":35,"column":23},"end":{"line":35,"column":33}},"line":35},"3":{"name":"(anonymous_3)","decl":{"start":{"line":36,"column":15},"end":{"line":36,"column":16}},"loc":{"start":{"line":36,"column":21},"end":{"line":53,"column":9}},"line":36},"4":{"name":"(anonymous_4)","decl":{"start":{"line":53,"column":17},"end":{"line":53,"column":18}},"loc":{"start":{"line":53,"column":24},"end":{"line":56,"column":9}},"line":53},"5":{"name":"changePassword","decl":{"start":{"line":60,"column":16},"end":{"line":60,"column":30}},"loc":{"start":{"line":60,"column":41},"end":{"line":65,"column":1}},"line":60},"6":{"name":"changeUsername","decl":{"start":{"line":67,"column":16},"end":{"line":67,"column":30}},"loc":{"start":{"line":67,"column":41},"end":{"line":72,"column":1}},"line":67},"7":{"name":"logOut","decl":{"start":{"line":74,"column":16},"end":{"line":74,"column":22}},"loc":{"start":{"line":74,"column":25},"end":{"line":78,"column":1}},"line":74},"8":{"name":"closeLoginFail","decl":{"start":{"line":80,"column":16},"end":{"line":80,"column":30}},"loc":{"start":{"line":80,"column":33},"end":{"line":84,"column":1}},"line":80}},"branchMap":{"0":{"loc":{"start":{"line":38,"column":12},"end":{"line":52,"column":13}},"type":"if","locations":[{"start":{"line":38,"column":12},"end":{"line":52,"column":13}},{"start":{"line":38,"column":12},"end":{"line":52,"column":13}}],"line":38}},"s":{"0":2,"1":2,"2":2,"3":2,"4":2,"5":2,"6":1,"7":1,"8":1,"9":1,"10":1,"11":1,"12":1,"13":1,"14":1,"15":1,"16":1,"17":1,"18":0,"19":0,"20":1,"21":1,"22":1,"23":1},"f":{"0":2,"1":2,"2":2,"3":2,"4":0,"5":1,"6":1,"7":1,"8":1},"b":{"0":[1,1]},"_coverageSchema":"332fd63041d2c1bcb487cc26dd0d5f7d97098a6c","hash":"0bf154a60c40d966dfc8568d3533bf7b95a99358"}
,"F:\\GitHub\\timeline_frontend\\src\\redux\\actions\\pageSwitchActions.js": {"path":"F:\\GitHub\\timeline_frontend\\src\\redux\\actions\\pageSwitchActions.js","statementMap":{"0":{"start":{"line":12,"column":4},"end":{"line":14,"column":5}},"1":{"start":{"line":18,"column":4},"end":{"line":20,"column":5}},"2":{"start":{"line":24,"column":4},"end":{"line":26,"column":5}},"3":{"start":{"line":30,"column":4},"end":{"line":32,"column":5}},"4":{"start":{"line":36,"column":4},"end":{"line":38,"column":5}},"5":{"start":{"line":42,"column":4},"end":{"line":44,"column":5}},"6":{"start":{"line":48,"column":4},"end":{"line":50,"column":5}}},"fnMap":{"0":{"name":"switchHome","decl":{"start":{"line":11,"column":16},"end":{"line":11,"column":26}},"loc":{"start":{"line":11,"column":29},"end":{"line":15,"column":1}},"line":11},"1":{"name":"switchIndex","decl":{"start":{"line":17,"column":16},"end":{"line":17,"column":27}},"loc":{"start":{"line":17,"column":30},"end":{"line":21,"column":1}},"line":17},"2":{"name":"switchPublish","decl":{"start":{"line":23,"column":16},"end":{"line":23,"column":29}},"loc":{"start":{"line":23,"column":32},"end":{"line":27,"column":1}},"line":23},"3":{"name":"switchLogin","decl":{"start":{"line":29,"column":16},"end":{"line":29,"column":27}},"loc":{"start":{"line":29,"column":30},"end":{"line":33,"column":1}},"line":29},"4":{"name":"switchRegister","decl":{"start":{"line":35,"column":16},"end":{"line":35,"column":30}},"loc":{"start":{"line":35,"column":33},"end":{"line":39,"column":1}},"line":35},"5":{"name":"illegalAccess","decl":{"start":{"line":41,"column":16},"end":{"line":41,"column":29}},"loc":{"start":{"line":41,"column":32},"end":{"line":45,"column":1}},"line":41},"6":{"name":"closeIllegalAccess","decl":{"start":{"line":47,"column":16},"end":{"line":47,"column":34}},"loc":{"start":{"line":47,"column":37},"end":{"line":51,"column":1}},"line":47}},"branchMap":{},"s":{"0":2,"1":1,"2":1,"3":1,"4":1,"5":1,"6":1},"f":{"0":2,"1":1,"2":1,"3":1,"4":1,"5":1,"6":1},"b":{},"_coverageSchema":"332fd63041d2c1bcb487cc26dd0d5f7d97098a6c","hash":"29a09981836caa1874ca1f376e9540f4b4d9476c"}
,"F:\\GitHub\\timeline_frontend\\src\\redux\\actions\\publishActions.js": {"path":"F:\\GitHub\\timeline_frontend\\src\\redux\\actions\\publishActions.js","statementMap":{"0":{"start":{"line":12,"column":33},"end":{"line":12,"column":43}},"1":{"start":{"line":13,"column":30},"end":{"line":13,"column":86}},"2":{"start":{"line":17,"column":4},"end":{"line":52,"column":5}},"3":{"start":{"line":18,"column":26},"end":{"line":18,"column":36}},"4":{"start":{"line":19,"column":19},"end":{"line":28,"column":9}},"5":{"start":{"line":30,"column":8},"end":{"line":51,"column":11}},"6":{"start":{"line":38,"column":12},"end":{"line":38,"column":27}},"7":{"start":{"line":40,"column":12},"end":{"line":40,"column":30}},"8":{"start":{"line":41,"column":12},"end":{"line":47,"column":13}},"9":{"start":{"line":42,"column":16},"end":{"line":42,"column":50}},"10":{"start":{"line":43,"column":16},"end":{"line":43,"column":41}},"11":{"start":{"line":44,"column":16},"end":{"line":44,"column":55}},"12":{"start":{"line":46,"column":16},"end":{"line":46,"column":47}},"13":{"start":{"line":49,"column":12},"end":{"line":49,"column":31}},"14":{"start":{"line":50,"column":12},"end":{"line":50,"column":43}},"15":{"start":{"line":56,"column":4},"end":{"line":70,"column":5}},"16":{"start":{"line":57,"column":21},"end":{"line":59,"column":32}},"17":{"start":{"line":61,"column":8},"end":{"line":69,"column":11}},"18":{"start":{"line":62,"column":12},"end":{"line":64,"column":13}},"19":{"start":{"line":63,"column":16},"end":{"line":63,"column":35}},"20":{"start":{"line":66,"column":12},"end":{"line":68,"column":13}},"21":{"start":{"line":67,"column":16},"end":{"line":67,"column":77}},"22":{"start":{"line":74,"column":4},"end":{"line":77,"column":5}},"23":{"start":{"line":81,"column":4},"end":{"line":83,"column":5}},"24":{"start":{"line":87,"column":4},"end":{"line":89,"column":5}},"25":{"start":{"line":93,"column":4},"end":{"line":95,"column":5}}},"fnMap":{"0":{"name":"publishContent","decl":{"start":{"line":16,"column":16},"end":{"line":16,"column":30}},"loc":{"start":{"line":16,"column":63},"end":{"line":53,"column":1}},"line":16},"1":{"name":"(anonymous_1)","decl":{"start":{"line":17,"column":11},"end":{"line":17,"column":12}},"loc":{"start":{"line":17,"column":31},"end":{"line":52,"column":5}},"line":17},"2":{"name":"(anonymous_2)","decl":{"start":{"line":37,"column":16},"end":{"line":37,"column":17}},"loc":{"start":{"line":38,"column":12},"end":{"line":38,"column":27}},"line":38},"3":{"name":"(anonymous_3)","decl":{"start":{"line":39,"column":15},"end":{"line":39,"column":16}},"loc":{"start":{"line":39,"column":23},"end":{"line":48,"column":9}},"line":39},"4":{"name":"(anonymous_4)","decl":{"start":{"line":48,"column":17},"end":{"line":48,"column":18}},"loc":{"start":{"line":48,"column":26},"end":{"line":51,"column":9}},"line":48},"5":{"name":"uploadPicture","decl":{"start":{"line":55,"column":16},"end":{"line":55,"column":29}},"loc":{"start":{"line":55,"column":36},"end":{"line":71,"column":1}},"line":55},"6":{"name":"(anonymous_6)","decl":{"start":{"line":56,"column":11},"end":{"line":56,"column":12}},"loc":{"start":{"line":56,"column":25},"end":{"line":70,"column":5}},"line":56},"7":{"name":"(anonymous_7)","decl":{"start":{"line":61,"column":19},"end":{"line":61,"column":20}},"loc":{"start":{"line":61,"column":38},"end":{"line":69,"column":9}},"line":61},"8":{"name":"changeText","decl":{"start":{"line":73,"column":16},"end":{"line":73,"column":26}},"loc":{"start":{"line":73,"column":33},"end":{"line":78,"column":1}},"line":73},"9":{"name":"publishFail","decl":{"start":{"line":80,"column":16},"end":{"line":80,"column":27}},"loc":{"start":{"line":80,"column":30},"end":{"line":84,"column":1}},"line":80},"10":{"name":"closePublishFail","decl":{"start":{"line":86,"column":16},"end":{"line":86,"column":32}},"loc":{"start":{"line":86,"column":35},"end":{"line":90,"column":1}},"line":86},"11":{"name":"closePublishSuccess","decl":{"start":{"line":92,"column":16},"end":{"line":92,"column":35}},"loc":{"start":{"line":92,"column":38},"end":{"line":96,"column":1}},"line":92}},"branchMap":{"0":{"loc":{"start":{"line":41,"column":12},"end":{"line":47,"column":13}},"type":"if","locations":[{"start":{"line":41,"column":12},"end":{"line":47,"column":13}},{"start":{"line":41,"column":12},"end":{"line":47,"column":13}}],"line":41},"1":{"loc":{"start":{"line":62,"column":12},"end":{"line":64,"column":13}},"type":"if","locations":[{"start":{"line":62,"column":12},"end":{"line":64,"column":13}},{"start":{"line":62,"column":12},"end":{"line":64,"column":13}}],"line":62},"2":{"loc":{"start":{"line":66,"column":12},"end":{"line":68,"column":13}},"type":"if","locations":[{"start":{"line":66,"column":12},"end":{"line":68,"column":13}},{"start":{"line":66,"column":12},"end":{"line":68,"column":13}}],"line":66}},"s":{"0":2,"1":2,"2":1,"3":1,"4":1,"5":1,"6":0,"7":0,"8":0,"9":0,"10":0,"11":0,"12":0,"13":1,"14":1,"15":0,"16":0,"17":0,"18":0,"19":0,"20":0,"21":0,"22":1,"23":1,"24":1,"25":1},"f":{"0":1,"1":1,"2":0,"3":0,"4":1,"5":0,"6":0,"7":0,"8":1,"9":1,"10":1,"11":1},"b":{"0":[0,0],"1":[0,0],"2":[0,0]},"_coverageSchema":"332fd63041d2c1bcb487cc26dd0d5f7d97098a6c","hash":"c6ead14bce75331c15f54ff5ea7a79aaca398b9d"}
,"F:\\GitHub\\timeline_frontend\\src\\redux\\actions\\registerActions.js": {"path":"F:\\GitHub\\timeline_frontend\\src\\redux\\actions\\registerActions.js","statementMap":{"0":{"start":{"line":12,"column":4},"end":{"line":40,"column":5}},"1":{"start":{"line":13,"column":22},"end":{"line":17,"column":9}},"2":{"start":{"line":19,"column":8},"end":{"line":39,"column":11}},"3":{"start":{"line":26,"column":12},"end":{"line":26,"column":27}},"4":{"start":{"line":28,"column":12},"end":{"line":28,"column":30}},"5":{"start":{"line":29,"column":12},"end":{"line":34,"column":13}},"6":{"start":{"line":30,"column":16},"end":{"line":30,"column":51}},"7":{"start":{"line":31,"column":16},"end":{"line":31,"column":40}},"8":{"start":{"line":33,"column":16},"end":{"line":33,"column":48}},"9":{"start":{"line":37,"column":12},"end":{"line":37,"column":31}},"10":{"start":{"line":38,"column":12},"end":{"line":38,"column":44}},"11":{"start":{"line":44,"column":4},"end":{"line":46,"column":5}},"12":{"start":{"line":50,"column":4},"end":{"line":52,"column":5}},"13":{"start":{"line":56,"column":4},"end":{"line":59,"column":5}},"14":{"start":{"line":63,"column":4},"end":{"line":66,"column":5}},"15":{"start":{"line":70,"column":4},"end":{"line":73,"column":5}},"16":{"start":{"line":77,"column":4},"end":{"line":79,"column":5}}},"fnMap":{"0":{"name":"register","decl":{"start":{"line":11,"column":16},"end":{"line":11,"column":24}},"loc":{"start":{"line":11,"column":58},"end":{"line":41,"column":1}},"line":11},"1":{"name":"(anonymous_1)","decl":{"start":{"line":12,"column":11},"end":{"line":12,"column":12}},"loc":{"start":{"line":12,"column":31},"end":{"line":40,"column":5}},"line":12},"2":{"name":"(anonymous_2)","decl":{"start":{"line":25,"column":16},"end":{"line":25,"column":17}},"loc":{"start":{"line":26,"column":12},"end":{"line":26,"column":27}},"line":26},"3":{"name":"(anonymous_3)","decl":{"start":{"line":27,"column":15},"end":{"line":27,"column":16}},"loc":{"start":{"line":27,"column":23},"end":{"line":36,"column":9}},"line":27},"4":{"name":"(anonymous_4)","decl":{"start":{"line":36,"column":17},"end":{"line":36,"column":18}},"loc":{"start":{"line":36,"column":26},"end":{"line":39,"column":9}},"line":36},"5":{"name":"registerFailed","decl":{"start":{"line":43,"column":16},"end":{"line":43,"column":30}},"loc":{"start":{"line":43,"column":33},"end":{"line":47,"column":1}},"line":43},"6":{"name":"changeAgreed","decl":{"start":{"line":49,"column":16},"end":{"line":49,"column":28}},"loc":{"start":{"line":49,"column":31},"end":{"line":53,"column":1}},"line":49},"7":{"name":"changeRegName","decl":{"start":{"line":55,"column":16},"end":{"line":55,"column":29}},"loc":{"start":{"line":55,"column":40},"end":{"line":60,"column":1}},"line":55},"8":{"name":"changeRegNick","decl":{"start":{"line":62,"column":16},"end":{"line":62,"column":29}},"loc":{"start":{"line":62,"column":43},"end":{"line":67,"column":1}},"line":62},"9":{"name":"changeRegPass","decl":{"start":{"line":69,"column":16},"end":{"line":69,"column":29}},"loc":{"start":{"line":69,"column":40},"end":{"line":74,"column":1}},"line":69},"10":{"name":"closeRegisterFail","decl":{"start":{"line":76,"column":16},"end":{"line":76,"column":33}},"loc":{"start":{"line":76,"column":36},"end":{"line":80,"column":1}},"line":76}},"branchMap":{"0":{"loc":{"start":{"line":29,"column":12},"end":{"line":34,"column":13}},"type":"if","locations":[{"start":{"line":29,"column":12},"end":{"line":34,"column":13}},{"start":{"line":29,"column":12},"end":{"line":34,"column":13}}],"line":29}},"s":{"0":2,"1":2,"2":2,"3":2,"4":2,"5":2,"6":1,"7":1,"8":1,"9":0,"10":0,"11":1,"12":1,"13":1,"14":1,"15":1,"16":1},"f":{"0":2,"1":2,"2":2,"3":2,"4":0,"5":1,"6":1,"7":1,"8":1,"9":1,"10":1},"b":{"0":[1,1]},"_coverageSchema":"332fd63041d2c1bcb487cc26dd0d5f7d97098a6c","hash":"9c02015d45cb9a32ce43abf99426fa9b331c45f5"}
,"F:\\GitHub\\timeline_frontend\\src\\redux\\actions\\timelineActions.js": {"path":"F:\\GitHub\\timeline_frontend\\src\\redux\\actions\\timelineActions.js","statementMap":{"0":{"start":{"line":10,"column":4},"end":{"line":13,"column":5}},"1":{"start":{"line":17,"column":4},"end":{"line":20,"column":5}},"2":{"start":{"line":24,"column":4},"end":{"line":49,"column":5}},"3":{"start":{"line":25,"column":22},"end":{"line":29,"column":9}},"4":{"start":{"line":31,"column":8},"end":{"line":48,"column":10}},"5":{"start":{"line":39,"column":12},"end":{"line":39,"column":27}},"6":{"start":{"line":41,"column":12},"end":{"line":41,"column":30}},"7":{"start":{"line":42,"column":23},"end":{"line":42,"column":47}},"8":{"start":{"line":43,"column":21},"end":{"line":43,"column":41}},"9":{"start":{"line":44,"column":12},"end":{"line":44,"column":57}},"10":{"start":{"line":45,"column":12},"end":{"line":45,"column":69}},"11":{"start":{"line":47,"column":12},"end":{"line":47,"column":31}},"12":{"start":{"line":53,"column":4},"end":{"line":75,"column":5}},"13":{"start":{"line":54,"column":22},"end":{"line":58,"column":9}},"14":{"start":{"line":60,"column":8},"end":{"line":74,"column":11}},"15":{"start":{"line":68,"column":12},"end":{"line":68,"column":27}},"16":{"start":{"line":70,"column":12},"end":{"line":70,"column":30}},"17":{"start":{"line":71,"column":12},"end":{"line":71,"column":72}},"18":{"start":{"line":73,"column":12},"end":{"line":73,"column":31}},"19":{"start":{"line":79,"column":4},"end":{"line":103,"column":5}},"20":{"start":{"line":80,"column":22},"end":{"line":86,"column":9}},"21":{"start":{"line":88,"column":8},"end":{"line":102,"column":11}},"22":{"start":{"line":96,"column":12},"end":{"line":96,"column":27}},"23":{"start":{"line":98,"column":12},"end":{"line":98,"column":30}},"24":{"start":{"line":99,"column":12},"end":{"line":99,"column":70}},"25":{"start":{"line":101,"column":12},"end":{"line":101,"column":31}}},"fnMap":{"0":{"name":"updateEvents","decl":{"start":{"line":9,"column":16},"end":{"line":9,"column":28}},"loc":{"start":{"line":9,"column":34},"end":{"line":14,"column":1}},"line":9},"1":{"name":"moreEvents","decl":{"start":{"line":16,"column":16},"end":{"line":16,"column":26}},"loc":{"start":{"line":16,"column":34},"end":{"line":21,"column":1}},"line":16},"2":{"name":"getTimeline","decl":{"start":{"line":23,"column":16},"end":{"line":23,"column":27}},"loc":{"start":{"line":23,"column":47},"end":{"line":50,"column":1}},"line":23},"3":{"name":"(anonymous_3)","decl":{"start":{"line":24,"column":11},"end":{"line":24,"column":12}},"loc":{"start":{"line":24,"column":31},"end":{"line":49,"column":5}},"line":24},"4":{"name":"(anonymous_4)","decl":{"start":{"line":38,"column":17},"end":{"line":38,"column":18}},"loc":{"start":{"line":39,"column":12},"end":{"line":39,"column":27}},"line":39},"5":{"name":"(anonymous_5)","decl":{"start":{"line":40,"column":16},"end":{"line":40,"column":17}},"loc":{"start":{"line":40,"column":24},"end":{"line":46,"column":9}},"line":40},"6":{"name":"(anonymous_6)","decl":{"start":{"line":46,"column":17},"end":{"line":46,"column":18}},"loc":{"start":{"line":46,"column":26},"end":{"line":48,"column":9}},"line":46},"7":{"name":"updateTimeline","decl":{"start":{"line":52,"column":16},"end":{"line":52,"column":30}},"loc":{"start":{"line":52,"column":50},"end":{"line":76,"column":1}},"line":52},"8":{"name":"(anonymous_8)","decl":{"start":{"line":53,"column":11},"end":{"line":53,"column":12}},"loc":{"start":{"line":53,"column":31},"end":{"line":75,"column":5}},"line":53},"9":{"name":"(anonymous_9)","decl":{"start":{"line":67,"column":16},"end":{"line":67,"column":17}},"loc":{"start":{"line":68,"column":12},"end":{"line":68,"column":27}},"line":68},"10":{"name":"(anonymous_10)","decl":{"start":{"line":69,"column":16},"end":{"line":69,"column":17}},"loc":{"start":{"line":69,"column":24},"end":{"line":72,"column":9}},"line":69},"11":{"name":"(anonymous_11)","decl":{"start":{"line":72,"column":18},"end":{"line":72,"column":19}},"loc":{"start":{"line":72,"column":27},"end":{"line":74,"column":9}},"line":72},"12":{"name":"moreTimeline","decl":{"start":{"line":78,"column":16},"end":{"line":78,"column":28}},"loc":{"start":{"line":78,"column":48},"end":{"line":104,"column":1}},"line":78},"13":{"name":"(anonymous_13)","decl":{"start":{"line":79,"column":11},"end":{"line":79,"column":12}},"loc":{"start":{"line":79,"column":31},"end":{"line":103,"column":5}},"line":79},"14":{"name":"(anonymous_14)","decl":{"start":{"line":95,"column":16},"end":{"line":95,"column":17}},"loc":{"start":{"line":96,"column":12},"end":{"line":96,"column":27}},"line":96},"15":{"name":"(anonymous_15)","decl":{"start":{"line":97,"column":16},"end":{"line":97,"column":17}},"loc":{"start":{"line":97,"column":24},"end":{"line":100,"column":9}},"line":97},"16":{"name":"(anonymous_16)","decl":{"start":{"line":100,"column":18},"end":{"line":100,"column":19}},"loc":{"start":{"line":100,"column":27},"end":{"line":102,"column":9}},"line":100}},"branchMap":{},"s":{"0":1,"1":1,"2":2,"3":2,"4":2,"5":1,"6":1,"7":1,"8":1,"9":1,"10":1,"11":0,"12":1,"13":1,"14":1,"15":1,"16":1,"17":1,"18":0,"19":1,"20":1,"21":1,"22":1,"23":1,"24":1,"25":0},"f":{"0":1,"1":1,"2":2,"3":2,"4":1,"5":1,"6":0,"7":1,"8":1,"9":1,"10":1,"11":0,"12":1,"13":1,"14":1,"15":1,"16":0},"b":{},"_coverageSchema":"332fd63041d2c1bcb487cc26dd0d5f7d97098a6c","hash":"c2a28c709cd56dbd243c321dad8b647386ac2d1a"}
,"F:\\GitHub\\timeline_frontend\\src\\redux\\reducers\\currentPageReducer.js": {"path":"F:\\GitHub\\timeline_frontend\\src\\redux\\reducers\\currentPageReducer.js","statementMap":{"0":{"start":{"line":10,"column":21},"end":{"line":17,"column":1}},"1":{"start":{"line":20,"column":4},"end":{"line":37,"column":5}},"2":{"start":{"line":22,"column":12},"end":{"line":22,"column":116}},"3":{"start":{"line":24,"column":12},"end":{"line":24,"column":116}},"4":{"start":{"line":26,"column":12},"end":{"line":26,"column":116}},"5":{"start":{"line":28,"column":12},"end":{"line":28,"column":116}},"6":{"start":{"line":30,"column":12},"end":{"line":30,"column":116}},"7":{"start":{"line":32,"column":12},"end":{"line":32,"column":45}},"8":{"start":{"line":34,"column":12},"end":{"line":34,"column":46}},"9":{"start":{"line":36,"column":12},"end":{"line":36,"column":25}}},"fnMap":{"0":{"name":"currentPage","decl":{"start":{"line":19,"column":24},"end":{"line":19,"column":35}},"loc":{"start":{"line":19,"column":66},"end":{"line":38,"column":1}},"line":19}},"branchMap":{"0":{"loc":{"start":{"line":19,"column":36},"end":{"line":19,"column":56}},"type":"default-arg","locations":[{"start":{"line":19,"column":44},"end":{"line":19,"column":56}}],"line":19},"1":{"loc":{"start":{"line":20,"column":4},"end":{"line":37,"column":5}},"type":"switch","locations":[{"start":{"line":21,"column":8},"end":{"line":22,"column":116}},{"start":{"line":23,"column":8},"end":{"line":24,"column":116}},{"start":{"line":25,"column":8},"end":{"line":26,"column":116}},{"start":{"line":27,"column":8},"end":{"line":28,"column":116}},{"start":{"line":29,"column":8},"end":{"line":30,"column":116}},{"start":{"line":31,"column":8},"end":{"line":32,"column":45}},{"start":{"line":33,"column":8},"end":{"line":34,"column":46}},{"start":{"line":35,"column":8},"end":{"line":36,"column":25}}],"line":20}},"s":{"0":1,"1":8,"2":1,"3":1,"4":1,"5":1,"6":1,"7":1,"8":1,"9":1},"f":{"0":8},"b":{"0":[1],"1":[1,1,1,1,1,1,1,1]},"_coverageSchema":"332fd63041d2c1bcb487cc26dd0d5f7d97098a6c","hash":"ed4cc4e7d7adde171d3843a275e64ea6fb840810"}
,"F:\\GitHub\\timeline_frontend\\src\\redux\\reducers\\loginReducer.js": {"path":"F:\\GitHub\\timeline_frontend\\src\\redux\\reducers\\loginReducer.js","statementMap":{"0":{"start":{"line":3,"column":19},"end":{"line":10,"column":1}},"1":{"start":{"line":13,"column":4},"end":{"line":30,"column":5}},"2":{"start":{"line":15,"column":12},"end":{"line":15,"column":56}},"3":{"start":{"line":17,"column":12},"end":{"line":17,"column":56}},"4":{"start":{"line":19,"column":12},"end":{"line":19,"column":86}},"5":{"start":{"line":21,"column":12},"end":{"line":21,"column":54}},"6":{"start":{"line":23,"column":12},"end":{"line":23,"column":60}},"7":{"start":{"line":25,"column":12},"end":{"line":25,"column":115}},"8":{"start":{"line":27,"column":12},"end":{"line":27,"column":45}},"9":{"start":{"line":29,"column":12},"end":{"line":29,"column":25}}},"fnMap":{"0":{"name":"loginReducer","decl":{"start":{"line":12,"column":24},"end":{"line":12,"column":36}},"loc":{"start":{"line":12,"column":65},"end":{"line":31,"column":1}},"line":12}},"branchMap":{"0":{"loc":{"start":{"line":12,"column":37},"end":{"line":12,"column":55}},"type":"default-arg","locations":[{"start":{"line":12,"column":43},"end":{"line":12,"column":55}}],"line":12},"1":{"loc":{"start":{"line":13,"column":4},"end":{"line":30,"column":5}},"type":"switch","locations":[{"start":{"line":14,"column":8},"end":{"line":15,"column":56}},{"start":{"line":16,"column":8},"end":{"line":17,"column":56}},{"start":{"line":18,"column":8},"end":{"line":19,"column":86}},{"start":{"line":20,"column":8},"end":{"line":21,"column":54}},{"start":{"line":22,"column":8},"end":{"line":23,"column":60}},{"start":{"line":24,"column":8},"end":{"line":25,"column":115}},{"start":{"line":26,"column":8},"end":{"line":27,"column":45}},{"start":{"line":28,"column":8},"end":{"line":29,"column":25}}],"line":13}},"s":{"0":1,"1":8,"2":1,"3":1,"4":1,"5":1,"6":1,"7":1,"8":1,"9":1},"f":{"0":8},"b":{"0":[1],"1":[1,1,1,1,1,1,1,1]},"_coverageSchema":"332fd63041d2c1bcb487cc26dd0d5f7d97098a6c","hash":"87ab9f92008dbee3a30b1f493f855e3ef04a17fc"}
,"F:\\GitHub\\timeline_frontend\\src\\redux\\reducers\\publishReducer.js": {"path":"F:\\GitHub\\timeline_frontend\\src\\redux\\reducers\\publishReducer.js","statementMap":{"0":{"start":{"line":9,"column":19},"end":{"line":14,"column":1}},"1":{"start":{"line":17,"column":4},"end":{"line":32,"column":5}},"2":{"start":{"line":19,"column":12},"end":{"line":19,"column":52}},"3":{"start":{"line":21,"column":12},"end":{"line":21,"column":54}},"4":{"start":{"line":23,"column":12},"end":{"line":23,"column":73}},"5":{"start":{"line":25,"column":12},"end":{"line":25,"column":44}},"6":{"start":{"line":27,"column":12},"end":{"line":27,"column":45}},"7":{"start":{"line":29,"column":12},"end":{"line":29,"column":49}},"8":{"start":{"line":31,"column":12},"end":{"line":31,"column":25}}},"fnMap":{"0":{"name":"publishEvents","decl":{"start":{"line":16,"column":24},"end":{"line":16,"column":37}},"loc":{"start":{"line":16,"column":66},"end":{"line":33,"column":1}},"line":16}},"branchMap":{"0":{"loc":{"start":{"line":16,"column":38},"end":{"line":16,"column":56}},"type":"default-arg","locations":[{"start":{"line":16,"column":44},"end":{"line":16,"column":56}}],"line":16},"1":{"loc":{"start":{"line":17,"column":4},"end":{"line":32,"column":5}},"type":"switch","locations":[{"start":{"line":18,"column":8},"end":{"line":19,"column":52}},{"start":{"line":20,"column":8},"end":{"line":21,"column":54}},{"start":{"line":22,"column":8},"end":{"line":23,"column":73}},{"start":{"line":24,"column":8},"end":{"line":25,"column":44}},{"start":{"line":26,"column":8},"end":{"line":27,"column":45}},{"start":{"line":28,"column":8},"end":{"line":29,"column":49}},{"start":{"line":30,"column":8},"end":{"line":31,"column":25}}],"line":17}},"s":{"0":1,"1":7,"2":1,"3":1,"4":1,"5":1,"6":1,"7":1,"8":1},"f":{"0":7},"b":{"0":[1],"1":[1,1,1,1,1,1,1]},"_coverageSchema":"332fd63041d2c1bcb487cc26dd0d5f7d97098a6c","hash":"ac881bfb2855aeffa6f08833580514f7e63e4ece"}
,"F:\\GitHub\\timeline_frontend\\src\\redux\\reducers\\registerReducer.js": {"path":"F:\\GitHub\\timeline_frontend\\src\\redux\\reducers\\registerReducer.js","statementMap":{"0":{"start":{"line":10,"column":19},"end":{"line":16,"column":1}},"1":{"start":{"line":19,"column":4},"end":{"line":36,"column":5}},"2":{"start":{"line":21,"column":12},"end":{"line":21,"column":105}},"3":{"start":{"line":23,"column":12},"end":{"line":23,"column":44}},"4":{"start":{"line":25,"column":12},"end":{"line":25,"column":56}},"5":{"start":{"line":27,"column":12},"end":{"line":27,"column":59}},"6":{"start":{"line":29,"column":12},"end":{"line":29,"column":56}},"7":{"start":{"line":31,"column":12},"end":{"line":31,"column":45}},"8":{"start":{"line":33,"column":12},"end":{"line":33,"column":53}},"9":{"start":{"line":35,"column":12},"end":{"line":35,"column":25}}},"fnMap":{"0":{"name":"registerReducer","decl":{"start":{"line":18,"column":24},"end":{"line":18,"column":39}},"loc":{"start":{"line":18,"column":68},"end":{"line":37,"column":1}},"line":18}},"branchMap":{"0":{"loc":{"start":{"line":18,"column":40},"end":{"line":18,"column":58}},"type":"default-arg","locations":[{"start":{"line":18,"column":46},"end":{"line":18,"column":58}}],"line":18},"1":{"loc":{"start":{"line":19,"column":4},"end":{"line":36,"column":5}},"type":"switch","locations":[{"start":{"line":20,"column":8},"end":{"line":21,"column":105}},{"start":{"line":22,"column":8},"end":{"line":23,"column":44}},{"start":{"line":24,"column":8},"end":{"line":25,"column":56}},{"start":{"line":26,"column":8},"end":{"line":27,"column":59}},{"start":{"line":28,"column":8},"end":{"line":29,"column":56}},{"start":{"line":30,"column":8},"end":{"line":31,"column":45}},{"start":{"line":32,"column":8},"end":{"line":33,"column":53}},{"start":{"line":34,"column":8},"end":{"line":35,"column":25}}],"line":19}},"s":{"0":1,"1":8,"2":1,"3":1,"4":1,"5":1,"6":1,"7":1,"8":1,"9":1},"f":{"0":8},"b":{"0":[1],"1":[1,1,1,1,1,1,1,1]},"_coverageSchema":"332fd63041d2c1bcb487cc26dd0d5f7d97098a6c","hash":"0945b33b870eb232c6a5522c86e2a49fd9a656a4"}
,"F:\\GitHub\\timeline_frontend\\src\\redux\\reducers\\timelineEventsReducer.js": {"path":"F:\\GitHub\\timeline_frontend\\src\\redux\\reducers\\timelineEventsReducer.js","statementMap":{"0":{"start":{"line":10,"column":19},"end":{"line":15,"column":1}},"1":{"start":{"line":18,"column":4},"end":{"line":58,"column":5}},"2":{"start":{"line":20,"column":28},"end":{"line":20,"column":38}},"3":{"start":{"line":21,"column":12},"end":{"line":21,"column":65}},"4":{"start":{"line":22,"column":23},"end":{"line":22,"column":46}},"5":{"start":{"line":23,"column":12},"end":{"line":23,"column":42}},"6":{"start":{"line":24,"column":27},"end":{"line":24,"column":51}},"7":{"start":{"line":25,"column":12},"end":{"line":25,"column":63}},"8":{"start":{"line":27,"column":23},"end":{"line":31,"column":14}},"9":{"start":{"line":28,"column":30},"end":{"line":28,"column":68}},"10":{"start":{"line":29,"column":35},"end":{"line":29,"column":59}},"11":{"start":{"line":30,"column":16},"end":{"line":30,"column":132}},"12":{"start":{"line":32,"column":12},"end":{"line":32,"column":51}},"13":{"start":{"line":34,"column":23},"end":{"line":38,"column":14}},"14":{"start":{"line":35,"column":30},"end":{"line":35,"column":68}},"15":{"start":{"line":36,"column":35},"end":{"line":36,"column":59}},"16":{"start":{"line":37,"column":16},"end":{"line":37,"column":132}},"17":{"start":{"line":39,"column":23},"end":{"line":39,"column":55}},"18":{"start":{"line":40,"column":12},"end":{"line":40,"column":51}},"19":{"start":{"line":42,"column":23},"end":{"line":46,"column":14}},"20":{"start":{"line":43,"column":30},"end":{"line":43,"column":68}},"21":{"start":{"line":44,"column":35},"end":{"line":44,"column":59}},"22":{"start":{"line":45,"column":16},"end":{"line":45,"column":132}},"23":{"start":{"line":47,"column":24},"end":{"line":47,"column":56}},"24":{"start":{"line":48,"column":12},"end":{"line":48,"column":52}},"25":{"start":{"line":50,"column":29},"end":{"line":50,"column":48}},"26":{"start":{"line":51,"column":12},"end":{"line":51,"column":70}},"27":{"start":{"line":53,"column":12},"end":{"line":53,"column":57}},"28":{"start":{"line":55,"column":12},"end":{"line":55,"column":57}},"29":{"start":{"line":57,"column":12},"end":{"line":57,"column":25}}},"fnMap":{"0":{"name":"timelineEvents","decl":{"start":{"line":17,"column":24},"end":{"line":17,"column":38}},"loc":{"start":{"line":17,"column":67},"end":{"line":59,"column":1}},"line":17},"1":{"name":"(anonymous_1)","decl":{"start":{"line":27,"column":42},"end":{"line":27,"column":43}},"loc":{"start":{"line":27,"column":59},"end":{"line":31,"column":13}},"line":27},"2":{"name":"(anonymous_2)","decl":{"start":{"line":34,"column":42},"end":{"line":34,"column":43}},"loc":{"start":{"line":34,"column":59},"end":{"line":38,"column":13}},"line":34},"3":{"name":"(anonymous_3)","decl":{"start":{"line":42,"column":42},"end":{"line":42,"column":43}},"loc":{"start":{"line":42,"column":59},"end":{"line":46,"column":13}},"line":42}},"branchMap":{"0":{"loc":{"start":{"line":17,"column":39},"end":{"line":17,"column":57}},"type":"default-arg","locations":[{"start":{"line":17,"column":45},"end":{"line":17,"column":57}}],"line":17},"1":{"loc":{"start":{"line":18,"column":4},"end":{"line":58,"column":5}},"type":"switch","locations":[{"start":{"line":19,"column":8},"end":{"line":25,"column":63}},{"start":{"line":26,"column":8},"end":{"line":32,"column":51}},{"start":{"line":33,"column":8},"end":{"line":40,"column":51}},{"start":{"line":41,"column":8},"end":{"line":48,"column":52}},{"start":{"line":49,"column":8},"end":{"line":51,"column":70}},{"start":{"line":52,"column":8},"end":{"line":53,"column":57}},{"start":{"line":54,"column":8},"end":{"line":55,"column":57}},{"start":{"line":56,"column":8},"end":{"line":57,"column":25}}],"line":18}},"s":{"0":1,"1":8,"2":1,"3":1,"4":1,"5":1,"6":1,"7":1,"8":1,"9":1,"10":1,"11":1,"12":1,"13":1,"14":1,"15":1,"16":1,"17":1,"18":1,"19":1,"20":1,"21":1,"22":1,"23":1,"24":1,"25":1,"26":1,"27":1,"28":1,"29":1},"f":{"0":8,"1":1,"2":1,"3":1},"b":{"0":[1],"1":[1,1,1,1,1,1,1,1]},"_coverageSchema":"332fd63041d2c1bcb487cc26dd0d5f7d97098a6c","hash":"d71147bbef6f4dd0432949fda27e3146c52817d2"}
}
