TN:
SF:F:\GitHub\timeline_frontend\_test_\components\contextWrap.js
FN:13,(anonymous_0)
FN:18,mountWrap
FN:22,shallowWrap
FNF:3
FNH:2
FNDA:1,(anonymous_0)
FNDA:0,mountWrap
FNDA:1,shallowWrap
DA:5,1
DA:13,1
DA:19,0
DA:23,1
LF:4
LH:3
BRF:0
BRH:0
end_of_record
TN:
SF:F:\GitHub\timeline_frontend\src\constants.js
FNF:0
FNH:0
DA:1,5
DA:2,5
LF:2
LH:2
BRF:0
BRH:0
end_of_record
TN:
SF:F:\GitHub\timeline_frontend\src\history.js
FNF:0
FNH:0
LF:0
LH:0
BRF:0
BRH:0
end_of_record
TN:
SF:F:\GitHub\timeline_frontend\src\model\ImageForm.js
FN:18,(anonymous_0)
FN:26,(anonymous_1)
FN:34,(anonymous_2)
FN:45,(anonymous_3)
FN:49,(anonymous_4)
FN:76,(anonymous_5)
FN:80,(anonymous_6)
FN:81,(anonymous_7)
FNF:8
FNH:0
FNDA:0,(anonymous_0)
FNDA:0,(anonymous_1)
FNDA:0,(anonymous_2)
FNDA:0,(anonymous_3)
FNDA:0,(anonymous_4)
FNDA:0,(anonymous_5)
FNDA:0,(anonymous_6)
FNDA:0,(anonymous_7)
DA:19,0
DA:21,0
DA:27,0
DA:31,0
DA:35,0
DA:46,0
DA:50,0
DA:76,1
DA:80,1
DA:82,0
LF:10
LH:2
BRDA:39,0,0,0
BRDA:39,0,1,0
BRDA:57,1,0,0
BRDA:57,1,1,0
BRF:4
BRH:0
end_of_record
TN:
SF:F:\GitHub\timeline_frontend\src\redux\actions\actionTypes.js
FNF:0
FNH:0
DA:2,11
DA:3,11
DA:4,11
DA:5,11
DA:6,11
DA:7,11
DA:8,11
DA:11,11
DA:12,11
DA:13,11
DA:14,11
DA:15,11
DA:16,11
DA:17,11
DA:20,11
DA:21,11
DA:22,11
DA:23,11
DA:24,11
DA:25,11
DA:26,11
DA:30,11
DA:32,11
DA:33,11
DA:35,11
DA:36,11
DA:38,11
DA:39,11
DA:42,11
DA:43,11
DA:44,11
DA:45,11
DA:47,11
DA:49,11
DA:53,11
DA:55,11
DA:57,11
LF:37
LH:37
BRF:0
BRH:0
end_of_record
TN:
SF:F:\GitHub\timeline_frontend\src\redux\actions\loginActions.js
FN:17,login
FN:27,(anonymous_1)
FN:35,(anonymous_2)
FN:36,(anonymous_3)
FN:53,(anonymous_4)
FN:60,changePassword
FN:67,changeUsername
FN:74,logOut
FN:80,closeLoginFail
FNF:9
FNH:8
FNDA:2,login
FNDA:2,(anonymous_1)
FNDA:2,(anonymous_2)
FNDA:2,(anonymous_3)
FNDA:0,(anonymous_4)
FNDA:1,changePassword
FNDA:1,changeUsername
FNDA:1,logOut
FNDA:1,closeLoginFail
DA:27,2
DA:28,2
DA:29,2
DA:35,2
DA:37,2
DA:38,2
DA:39,1
DA:40,1
DA:41,1
DA:42,1
DA:43,1
DA:44,1
DA:45,1
DA:46,1
DA:47,1
DA:48,1
DA:49,1
DA:51,1
DA:54,0
DA:55,0
DA:61,1
DA:68,1
DA:75,1
DA:81,1
LF:24
LH:22
BRDA:38,0,0,1
BRDA:38,0,1,1
BRF:2
BRH:2
end_of_record
TN:
SF:F:\GitHub\timeline_frontend\src\redux\actions\pageSwitchActions.js
FN:11,switchHome
FN:17,switchIndex
FN:23,switchPublish
FN:29,switchLogin
FN:35,switchRegister
FN:41,illegalAccess
FN:47,closeIllegalAccess
FNF:7
FNH:7
FNDA:2,switchHome
FNDA:1,switchIndex
FNDA:1,switchPublish
FNDA:1,switchLogin
FNDA:1,switchRegister
FNDA:1,illegalAccess
FNDA:1,closeIllegalAccess
DA:12,2
DA:18,1
DA:24,1
DA:30,1
DA:36,1
DA:42,1
DA:48,1
LF:7
LH:7
BRF:0
BRH:0
end_of_record
TN:
SF:F:\GitHub\timeline_frontend\src\redux\actions\publishActions.js
FN:16,publishContent
FN:17,(anonymous_1)
FN:37,(anonymous_2)
FN:39,(anonymous_3)
FN:48,(anonymous_4)
FN:55,uploadPicture
FN:56,(anonymous_6)
FN:61,(anonymous_7)
FN:73,changeText
FN:80,publishFail
FN:86,closePublishFail
FN:92,closePublishSuccess
FNF:12
FNH:7
FNDA:1,publishContent
FNDA:1,(anonymous_1)
FNDA:0,(anonymous_2)
FNDA:0,(anonymous_3)
FNDA:1,(anonymous_4)
FNDA:0,uploadPicture
FNDA:0,(anonymous_6)
FNDA:0,(anonymous_7)
FNDA:1,changeText
FNDA:1,publishFail
FNDA:1,closePublishFail
FNDA:1,closePublishSuccess
DA:12,2
DA:13,2
DA:17,1
DA:18,1
DA:19,1
DA:30,1
DA:38,0
DA:40,0
DA:41,0
DA:42,0
DA:43,0
DA:44,0
DA:46,0
DA:49,1
DA:50,1
DA:56,0
DA:57,0
DA:61,0
DA:62,0
DA:63,0
DA:66,0
DA:67,0
DA:74,1
DA:81,1
DA:87,1
DA:93,1
LF:26
LH:12
BRDA:41,0,0,0
BRDA:41,0,1,0
BRDA:62,1,0,0
BRDA:62,1,1,0
BRDA:66,2,0,0
BRDA:66,2,1,0
BRF:6
BRH:0
end_of_record
TN:
SF:F:\GitHub\timeline_frontend\src\redux\actions\registerActions.js
FN:11,register
FN:12,(anonymous_1)
FN:25,(anonymous_2)
FN:27,(anonymous_3)
FN:36,(anonymous_4)
FN:43,registerFailed
FN:49,changeAgreed
FN:55,changeRegName
FN:62,changeRegNick
FN:69,changeRegPass
FN:76,closeRegisterFail
FNF:11
FNH:10
FNDA:2,register
FNDA:2,(anonymous_1)
FNDA:2,(anonymous_2)
FNDA:2,(anonymous_3)
FNDA:0,(anonymous_4)
FNDA:1,registerFailed
FNDA:1,changeAgreed
FNDA:1,changeRegName
FNDA:1,changeRegNick
FNDA:1,changeRegPass
FNDA:1,closeRegisterFail
DA:12,2
DA:13,2
DA:19,2
DA:26,2
DA:28,2
DA:29,2
DA:30,1
DA:31,1
DA:33,1
DA:37,0
DA:38,0
DA:44,1
DA:50,1
DA:56,1
DA:63,1
DA:70,1
DA:77,1
LF:17
LH:15
BRDA:29,0,0,1
BRDA:29,0,1,1
BRF:2
BRH:2
end_of_record
TN:
SF:F:\GitHub\timeline_frontend\src\redux\actions\timelineActions.js
FN:9,updateEvents
FN:16,moreEvents
FN:23,getTimeline
FN:24,(anonymous_3)
FN:38,(anonymous_4)
FN:40,(anonymous_5)
FN:46,(anonymous_6)
FN:52,updateTimeline
FN:53,(anonymous_8)
FN:67,(anonymous_9)
FN:69,(anonymous_10)
FN:72,(anonymous_11)
FN:78,moreTimeline
FN:79,(anonymous_13)
FN:95,(anonymous_14)
FN:97,(anonymous_15)
FN:100,(anonymous_16)
FNF:17
FNH:14
FNDA:1,updateEvents
FNDA:1,moreEvents
FNDA:2,getTimeline
FNDA:2,(anonymous_3)
FNDA:1,(anonymous_4)
FNDA:1,(anonymous_5)
FNDA:0,(anonymous_6)
FNDA:1,updateTimeline
FNDA:1,(anonymous_8)
FNDA:1,(anonymous_9)
FNDA:1,(anonymous_10)
FNDA:0,(anonymous_11)
FNDA:1,moreTimeline
FNDA:1,(anonymous_13)
FNDA:1,(anonymous_14)
FNDA:1,(anonymous_15)
FNDA:0,(anonymous_16)
DA:10,1
DA:17,1
DA:24,2
DA:25,2
DA:31,2
DA:39,1
DA:41,1
DA:42,1
DA:43,1
DA:44,1
DA:45,1
DA:47,0
DA:53,1
DA:54,1
DA:60,1
DA:68,1
DA:70,1
DA:71,1
DA:73,0
DA:79,1
DA:80,1
DA:88,1
DA:96,1
DA:98,1
DA:99,1
DA:101,0
LF:26
LH:23
BRF:0
BRH:0
end_of_record
TN:
SF:F:\GitHub\timeline_frontend\src\redux\reducers\currentPageReducer.js
FN:19,currentPage
FNF:1
FNH:1
FNDA:8,currentPage
DA:10,1
DA:20,8
DA:22,1
DA:24,1
DA:26,1
DA:28,1
DA:30,1
DA:32,1
DA:34,1
DA:36,1
LF:10
LH:10
BRDA:19,0,0,1
BRDA:20,1,0,1
BRDA:20,1,1,1
BRDA:20,1,2,1
BRDA:20,1,3,1
BRDA:20,1,4,1
BRDA:20,1,5,1
BRDA:20,1,6,1
BRDA:20,1,7,1
BRF:9
BRH:9
end_of_record
TN:
SF:F:\GitHub\timeline_frontend\src\redux\reducers\loginReducer.js
FN:12,loginReducer
FNF:1
FNH:1
FNDA:8,loginReducer
DA:3,1
DA:13,8
DA:15,1
DA:17,1
DA:19,1
DA:21,1
DA:23,1
DA:25,1
DA:27,1
DA:29,1
LF:10
LH:10
BRDA:12,0,0,1
BRDA:13,1,0,1
BRDA:13,1,1,1
BRDA:13,1,2,1
BRDA:13,1,3,1
BRDA:13,1,4,1
BRDA:13,1,5,1
BRDA:13,1,6,1
BRDA:13,1,7,1
BRF:9
BRH:9
end_of_record
TN:
SF:F:\GitHub\timeline_frontend\src\redux\reducers\publishReducer.js
FN:16,publishEvents
FNF:1
FNH:1
FNDA:7,publishEvents
DA:9,1
DA:17,7
DA:19,1
DA:21,1
DA:23,1
DA:25,1
DA:27,1
DA:29,1
DA:31,1
LF:9
LH:9
BRDA:16,0,0,1
BRDA:17,1,0,1
BRDA:17,1,1,1
BRDA:17,1,2,1
BRDA:17,1,3,1
BRDA:17,1,4,1
BRDA:17,1,5,1
BRDA:17,1,6,1
BRF:8
BRH:8
end_of_record
TN:
SF:F:\GitHub\timeline_frontend\src\redux\reducers\registerReducer.js
FN:18,registerReducer
FNF:1
FNH:1
FNDA:8,registerReducer
DA:10,1
DA:19,8
DA:21,1
DA:23,1
DA:25,1
DA:27,1
DA:29,1
DA:31,1
DA:33,1
DA:35,1
LF:10
LH:10
BRDA:18,0,0,1
BRDA:19,1,0,1
BRDA:19,1,1,1
BRDA:19,1,2,1
BRDA:19,1,3,1
BRDA:19,1,4,1
BRDA:19,1,5,1
BRDA:19,1,6,1
BRDA:19,1,7,1
BRF:9
BRH:9
end_of_record
TN:
SF:F:\GitHub\timeline_frontend\src\redux\reducers\timelineEventsReducer.js
FN:17,timelineEvents
FN:27,(anonymous_1)
FN:34,(anonymous_2)
FN:42,(anonymous_3)
FNF:4
FNH:4
FNDA:8,timelineEvents
FNDA:1,(anonymous_1)
FNDA:1,(anonymous_2)
FNDA:1,(anonymous_3)
DA:10,1
DA:18,8
DA:20,1
DA:21,1
DA:22,1
DA:23,1
DA:24,1
DA:25,1
DA:27,1
DA:28,1
DA:29,1
DA:30,1
DA:32,1
DA:34,1
DA:35,1
DA:36,1
DA:37,1
DA:39,1
DA:40,1
DA:42,1
DA:43,1
DA:44,1
DA:45,1
DA:47,1
DA:48,1
DA:50,1
DA:51,1
DA:53,1
DA:55,1
DA:57,1
LF:30
LH:30
BRDA:17,0,0,1
BRDA:18,1,0,1
BRDA:18,1,1,1
BRDA:18,1,2,1
BRDA:18,1,3,1
BRDA:18,1,4,1
BRDA:18,1,5,1
BRDA:18,1,6,1
BRDA:18,1,7,1
BRF:9
BRH:9
end_of_record
